* using log directory 'C:/Users/zhou/PortableGit/ReadGenea/ReadGenea.Rcheck'
* using R version 2.14.1 (2011-12-22)
* using platform: i386-pc-mingw32 (32-bit)
* using session charset: ISO8859-1
* checking for file 'ReadGenea/DESCRIPTION' ... OK
* checking extension type ... Package
* this is package 'ReadGenea' version '2.5'
* checking package namespace information ... OK
* checking package dependencies ... OK
* checking if this is a source package ... OK
* checking if there is a namespace ... OK
* checking for executable files ... OK
* checking whether package 'ReadGenea' can be installed ... OK
* checking installed package size ... OK
* checking package directory ... OK
* checking for portable file names ... OK
* checking DESCRIPTION meta-information ... OK
* checking top-level files ... OK
* checking index information ... OK
* checking package subdirectories ... OK
* checking R files for non-ASCII characters ... OK
* checking R files for syntax errors ... OK
* checking whether the package can be loaded ... OK
* checking whether the package can be loaded with stated dependencies ... OK
* checking whether the package can be unloaded cleanly ... OK
* checking whether the namespace can be loaded with stated dependencies ... OK
* checking whether the namespace can be unloaded cleanly ... OK
* checking for unstated dependencies in R code ... OK
* checking S3 generic/method consistency ... WARNING
print:
  function(x, ...)
print.AccData:
  function(x)

print:
  function(x, ...)
print.VirtAccData:
  function(x)

print:
  function(x, ...)
print.stft:
  function(x)

See section 'Generic functions and methods' of the 'Writing R
Extensions' manual.
* checking replacement functions ... OK
* checking foreign function calls ... OK
* checking R code for possible problems ... NOTE
File 'ReadGenea/R/zzz.R':
  .First.lib calls:
    cat("ReadGenea", ver, "loaded\n")
    require(compiler)

Package startup functions should not change the search path.
Package startup functions should use 'packageStartupMessage' to
  generate messages.
See section 'Good practice' in ?.onAttach.

positionals: no visible global function definition for 'bapplyc.basic'
read.bin: no visible binding for global variable 'pos.rec1'
read.bin: no visible binding for global variable 'firstpage'
read.bin: no visible binding for global variable 'npages'
read.bin: no visible binding for global variable 't1c'
read.bin: no visible binding for global variable 't1midnight'
read.bin: no visible binding for global variable 'pos.inc'
read.bin : getindex: no visible binding for global variable 'pos.inc'
read.bin: no visible binding for global variable 'headlines'
* checking Rd files ... OK
* checking Rd metadata ... OK
* checking Rd cross-references ... WARNING
Missing link(s) in documentation object 'C:/Users/zhou/PortableGit/ReadGenea/ReadGenea/man/read.bin.Rd':
  'convert.hexstream'

See the information in section 'Cross-references' of the 'Writing R
Extensions' manual.

* checking for missing documentation entries ... WARNING
Undocumented code objects:
  '%bq%' '%bt%' '[.AccData' 'axis.times2' 'bapply' 'bapply.basic'
  'c.AccData' 'chron2' 'constrain' 'dim.AccData' 'expand'
  'format.times2' 'get.intervals' 'getfreqs' 'plot.AccData' 'plot.stft'
  'plot.times2' 'positionals' 'print.AccData' 'print.VirtAccData'
  'print.stft' 'print.times2' 'stft' 'stft.AccData' 'svm' 'times2'
All user-level objects in a package should have documentation entries.
See the chapter 'Writing R documentation files' in the 'Writing R
Extensions' manual.
* checking for code/documentation mismatches ... WARNING
Functions/methods with usage in documentation object 'reformat.time' but not in code:
  reformat.time

Codoc mismatches from documentation object 'header.info':
header.info
  Code: function(binfile, more = T)
  Docs: function(binfile, more = TRUE)
  Mismatches in argument default values:
    Name: 'more' Code: T Docs: TRUE

Codoc mismatches from documentation object 'read.bin':
read.bin
  Code: function(binfile, outfile = NULL, start = NULL, end = NULL,
                 verbose = FALSE, do.temp = TRUE, do.volt = TRUE,
                 calibrate = FALSE, downsample = NULL, blocksize,
                 virtual = FALSE, mmap.load = (.Machine$sizeof.pointer
                 >= 8), pagerefs = NULL, ...)
  Docs: function(binfile, outfile = NULL, start = NULL, end = NULL,
                 verbose = FALSE, do.temp = TRUE, calibrate = FALSE,
                 tformat = "seconds", warn = FALSE, ...)
  Argument names in code not in docs:
    do.volt downsample blocksize virtual mmap.load pagerefs
  Argument names in docs not in code:
    tformat warn
  Mismatches in argument names (first 3):
    Position: 7 Code: do.volt Docs: calibrate
    Position: 8 Code: calibrate Docs: tformat
    Position: 9 Code: downsample Docs: warn

* checking Rd \usage sections ... WARNING
Documented arguments not in \usage in documentation object 'read.bin':
  'blocksize'

Functions with \usage entries need to have the appropriate \alias
entries, and all their arguments documented.
The \usage entries must correspond to syntactically valid R code.
See the chapter 'Writing R documentation files' in the 'Writing R
Extensions' manual.
* checking Rd contents ... OK
* checking for unstated dependencies in examples ... OK
* checking examples ... OK
* checking PDF version of manual ... WARNING
LaTeX errors when creating PDF version.
This typically indicates Rd problems.
* checking PDF version of manual without hyperrefs or index ... ERROR
Re-running with no redirection of stdout/stderr.
